#! /usr/bin/vvp
:ivl_version "10.3 (stable)";
:ivl_delay_selection "TYPICAL";
:vpi_time_precision + 0;
:vpi_module "system";
:vpi_module "vhdl_sys";
:vpi_module "v2005_math";
:vpi_module "va_math";
S_0x5579a42fc3d0 .scope module, "tb" "tb" 2 34;
 .timescale 0 0;
v0x5579a432b3f0_0 .net "carry", 0 0, v0x5579a432afe0_0;  1 drivers
v0x5579a432b4b0_0 .var "in1", 3 0;
v0x5579a432b580_0 .var "in2", 3 0;
v0x5579a432b680_0 .net "out", 3 0, v0x5579a432b080_0;  1 drivers
S_0x5579a42ffed0 .scope module, "my_adder" "adder" 2 40, 2 15 0, S_0x5579a42fc3d0;
 .timescale 0 0;
    .port_info 0 /INPUT 4 "a"
    .port_info 1 /INPUT 4 "b"
    .port_info 2 /OUTPUT 4 "out"
    .port_info 3 /OUTPUT 1 "carry"
v0x5579a432ae00_0 .net "a", 3 0, v0x5579a432b4b0_0;  1 drivers
v0x5579a432af00_0 .net "b", 3 0, v0x5579a432b580_0;  1 drivers
v0x5579a432afe0_0 .var "carry", 0 0;
v0x5579a432b080_0 .var "out", 3 0;
v0x5579a432b160_0 .net "sum", 3 0, L_0x5579a432c170;  1 drivers
v0x5579a432b290_0 .net "tmp_carry", 3 0, L_0x5579a432c3a0;  1 drivers
E_0x5579a430db90 .event edge, v0x5579a432af00_0, v0x5579a432ae00_0;
L_0x5579a432b750 .part v0x5579a432b4b0_0, 0, 1;
L_0x5579a432b870 .part v0x5579a432b580_0, 0, 1;
L_0x5579a432b960 .part v0x5579a432b4b0_0, 1, 1;
L_0x5579a432ba00 .part v0x5579a432b580_0, 1, 1;
L_0x5579a432bb00 .part L_0x5579a432c3a0, 0, 1;
L_0x5579a432bc00 .part v0x5579a432b4b0_0, 2, 1;
L_0x5579a432bd10 .part v0x5579a432b580_0, 2, 1;
L_0x5579a432bdb0 .part L_0x5579a432c3a0, 1, 1;
L_0x5579a432bed0 .part v0x5579a432b4b0_0, 3, 1;
L_0x5579a432bf70 .part v0x5579a432b580_0, 3, 1;
L_0x5579a432c0a0 .part L_0x5579a432c3a0, 2, 1;
L_0x5579a432c170 .concat8 [ 1 1 1 1], v0x5579a432ac90_0, v0x5579a42fb3e0_0, v0x5579a4329f70_0, v0x5579a432a690_0;
L_0x5579a432c3a0 .concat8 [ 1 1 1 1], v0x5579a432abf0_0, v0x5579a42fcfb0_0, v0x5579a4329eb0_0, v0x5579a432a5d0_0;
S_0x5579a42faf90 .scope module, "fa1" "fa" 2 23, 2 8 0, S_0x5579a42ffed0;
 .timescale 0 0;
    .port_info 0 /INPUT 1 "a"
    .port_info 1 /INPUT 1 "b"
    .port_info 2 /INPUT 1 "cin"
    .port_info 3 /OUTPUT 1 "sum"
    .port_info 4 /OUTPUT 1 "cout"
v0x5579a42fd2a0_0 .net "a", 0 0, L_0x5579a432b960;  1 drivers
v0x5579a42fb730_0 .net "b", 0 0, L_0x5579a432ba00;  1 drivers
v0x5579a42feb40_0 .net "cin", 0 0, L_0x5579a432bb00;  1 drivers
v0x5579a42fcfb0_0 .var "cout", 0 0;
v0x5579a42fb3e0_0 .var "sum", 0 0;
E_0x5579a430d920 .event edge, v0x5579a42feb40_0, v0x5579a42fb730_0, v0x5579a42fd2a0_0;
S_0x5579a4329a60 .scope module, "fa2" "fa" 2 24, 2 8 0, S_0x5579a42ffed0;
 .timescale 0 0;
    .port_info 0 /INPUT 1 "a"
    .port_info 1 /INPUT 1 "b"
    .port_info 2 /INPUT 1 "cin"
    .port_info 3 /OUTPUT 1 "sum"
    .port_info 4 /OUTPUT 1 "cout"
v0x5579a4329c70_0 .net "a", 0 0, L_0x5579a432bc00;  1 drivers
v0x5579a4329d50_0 .net "b", 0 0, L_0x5579a432bd10;  1 drivers
v0x5579a4329e10_0 .net "cin", 0 0, L_0x5579a432bdb0;  1 drivers
v0x5579a4329eb0_0 .var "cout", 0 0;
v0x5579a4329f70_0 .var "sum", 0 0;
E_0x5579a430e120 .event edge, v0x5579a4329e10_0, v0x5579a4329d50_0, v0x5579a4329c70_0;
S_0x5579a432a120 .scope module, "fa3" "fa" 2 25, 2 8 0, S_0x5579a42ffed0;
 .timescale 0 0;
    .port_info 0 /INPUT 1 "a"
    .port_info 1 /INPUT 1 "b"
    .port_info 2 /INPUT 1 "cin"
    .port_info 3 /OUTPUT 1 "sum"
    .port_info 4 /OUTPUT 1 "cout"
v0x5579a432a390_0 .net "a", 0 0, L_0x5579a432bed0;  1 drivers
v0x5579a432a470_0 .net "b", 0 0, L_0x5579a432bf70;  1 drivers
v0x5579a432a530_0 .net "cin", 0 0, L_0x5579a432c0a0;  1 drivers
v0x5579a432a5d0_0 .var "cout", 0 0;
v0x5579a432a690_0 .var "sum", 0 0;
E_0x5579a430de30 .event edge, v0x5579a432a530_0, v0x5579a432a470_0, v0x5579a432a390_0;
S_0x5579a432a840 .scope module, "ha1" "ha" 2 22, 2 1 0, S_0x5579a42ffed0;
 .timescale 0 0;
    .port_info 0 /INPUT 1 "a"
    .port_info 1 /INPUT 1 "b"
    .port_info 2 /OUTPUT 1 "sum"
    .port_info 3 /OUTPUT 1 "cout"
v0x5579a432aa50_0 .net "a", 0 0, L_0x5579a432b750;  1 drivers
v0x5579a432ab30_0 .net "b", 0 0, L_0x5579a432b870;  1 drivers
v0x5579a432abf0_0 .var "cout", 0 0;
v0x5579a432ac90_0 .var "sum", 0 0;
E_0x5579a43014e0 .event edge, v0x5579a432ab30_0, v0x5579a432aa50_0;
    .scope S_0x5579a432a840;
T_0 ;
    %wait E_0x5579a43014e0;
    %load/vec4 v0x5579a432aa50_0;
    %pad/u 2;
    %load/vec4 v0x5579a432ab30_0;
    %pad/u 2;
    %add;
    %split/vec4 1;
    %store/vec4 v0x5579a432ac90_0, 0, 1;
    %store/vec4 v0x5579a432abf0_0, 0, 1;
    %jmp T_0;
    .thread T_0, $push;
    .scope S_0x5579a42faf90;
T_1 ;
    %wait E_0x5579a430d920;
    %load/vec4 v0x5579a42fd2a0_0;
    %pad/u 2;
    %load/vec4 v0x5579a42fb730_0;
    %pad/u 2;
    %add;
    %load/vec4 v0x5579a42feb40_0;
    %pad/u 2;
    %add;
    %split/vec4 1;
    %store/vec4 v0x5579a42fb3e0_0, 0, 1;
    %store/vec4 v0x5579a42fcfb0_0, 0, 1;
    %jmp T_1;
    .thread T_1, $push;
    .scope S_0x5579a4329a60;
T_2 ;
    %wait E_0x5579a430e120;
    %load/vec4 v0x5579a4329c70_0;
    %pad/u 2;
    %load/vec4 v0x5579a4329d50_0;
    %pad/u 2;
    %add;
    %load/vec4 v0x5579a4329e10_0;
    %pad/u 2;
    %add;
    %split/vec4 1;
    %store/vec4 v0x5579a4329f70_0, 0, 1;
    %store/vec4 v0x5579a4329eb0_0, 0, 1;
    %jmp T_2;
    .thread T_2, $push;
    .scope S_0x5579a432a120;
T_3 ;
    %wait E_0x5579a430de30;
    %load/vec4 v0x5579a432a390_0;
    %pad/u 2;
    %load/vec4 v0x5579a432a470_0;
    %pad/u 2;
    %add;
    %load/vec4 v0x5579a432a530_0;
    %pad/u 2;
    %add;
    %split/vec4 1;
    %store/vec4 v0x5579a432a690_0, 0, 1;
    %store/vec4 v0x5579a432a5d0_0, 0, 1;
    %jmp T_3;
    .thread T_3, $push;
    .scope S_0x5579a42ffed0;
T_4 ;
    %wait E_0x5579a430db90;
    %load/vec4 v0x5579a432b160_0;
    %assign/vec4 v0x5579a432b080_0, 0;
    %load/vec4 v0x5579a432b290_0;
    %parti/s 1, 3, 3;
    %assign/vec4 v0x5579a432afe0_0, 0;
    %jmp T_4;
    .thread T_4, $push;
    .scope S_0x5579a42fc3d0;
T_5 ;
    %vpi_call 2 44 "$monitor", "in1:%0h, in2:%0h, out:%0h, carry:%0h", v0x5579a432b4b0_0, v0x5579a432b580_0, v0x5579a432b680_0, v0x5579a432b3f0_0 {0 0 0};
    %pushi/vec4 0, 0, 4;
    %assign/vec4 v0x5579a432b4b0_0, 0;
    %pushi/vec4 0, 0, 4;
    %assign/vec4 v0x5579a432b580_0, 0;
    %delay 5, 0;
    %delay 5, 0;
    %pushi/vec4 5, 0, 4;
    %assign/vec4 v0x5579a432b4b0_0, 0;
    %delay 5, 0;
    %pushi/vec4 5, 0, 4;
    %assign/vec4 v0x5579a432b580_0, 0;
    %delay 5, 0;
    %pushi/vec4 10, 0, 4;
    %assign/vec4 v0x5579a432b4b0_0, 0;
    %delay 5, 0;
    %delay 5, 0;
    %vpi_call 2 55 "$finish" {0 0 0};
    %end;
    .thread T_5;
# The file index is used to find the file name in the following table.
:file_names 3;
    "N/A";
    "<interactive>";
    "adders.v";
