#! /usr/bin/vvp
:ivl_version "10.3 (stable)";
:ivl_delay_selection "TYPICAL";
:vpi_time_precision + 0;
:vpi_module "system";
:vpi_module "vhdl_sys";
:vpi_module "v2005_math";
:vpi_module "va_math";
S_0x55f474ffef40 .scope module, "main" "main" 2 7;
 .timescale 0 0;
v0x55f475010ab0_0 .var "clk", 0 0;
v0x55f475010b70_0 .var "in", 2 0;
v0x55f475010c30_0 .net "out", 1 0, v0x55f475010950_0;  1 drivers
L_0x55f475010cd0 .part v0x55f475010b70_0, 0, 1;
L_0x55f475010dd0 .part v0x55f475010b70_0, 1, 1;
S_0x55f474fff0c0 .scope module, "a0" "adder" 2 12, 2 1 0, S_0x55f474ffef40;
 .timescale 0 0;
    .port_info 0 /INPUT 1 "clk"
    .port_info 1 /INPUT 1 "in1"
    .port_info 2 /INPUT 1 "in2"
    .port_info 3 /OUTPUT 2 "out"
v0x55f474fc9080_0 .net "clk", 0 0, v0x55f475010ab0_0;  1 drivers
v0x55f4750107f0_0 .net "in1", 0 0, L_0x55f475010cd0;  1 drivers
v0x55f4750108b0_0 .net "in2", 0 0, L_0x55f475010dd0;  1 drivers
v0x55f475010950_0 .var "out", 1 0;
E_0x55f474fff970 .event posedge, v0x55f474fc9080_0;
    .scope S_0x55f474fff0c0;
T_0 ;
    %wait E_0x55f474fff970;
    %load/vec4 v0x55f4750107f0_0;
    %pad/u 2;
    %load/vec4 v0x55f4750108b0_0;
    %pad/u 2;
    %add;
    %assign/vec4 v0x55f475010950_0, 0;
    %jmp T_0;
    .thread T_0;
    .scope S_0x55f474ffef40;
T_1 ;
    %delay 5, 0;
    %load/vec4 v0x55f475010ab0_0;
    %inv;
    %store/vec4 v0x55f475010ab0_0, 0, 1;
    %jmp T_1;
    .thread T_1;
    .scope S_0x55f474ffef40;
T_2 ;
    %vpi_call 2 18 "$monitor", "clk:%0b in[0]:%0b in[1]:%0b out:%0h", v0x55f475010ab0_0, &PV<v0x55f475010b70_0, 0, 1>, &PV<v0x55f475010b70_0, 1, 1>, v0x55f475010c30_0 {0 0 0};
    %pushi/vec4 0, 0, 1;
    %store/vec4 v0x55f475010ab0_0, 0, 1;
    %pushi/vec4 0, 0, 2;
    %ix/load 4, 0, 0;
    %ix/load 5, 0, 0;
    %flag_set/imm 4, 0;
    %assign/vec4/off/d v0x55f475010b70_0, 4, 5;
    %delay 10, 0;
    %pushi/vec4 2, 0, 2;
    %ix/load 4, 0, 0;
    %ix/load 5, 0, 0;
    %flag_set/imm 4, 0;
    %assign/vec4/off/d v0x55f475010b70_0, 4, 5;
    %delay 10, 0;
    %pushi/vec4 3, 0, 2;
    %ix/load 4, 0, 0;
    %ix/load 5, 0, 0;
    %flag_set/imm 4, 0;
    %assign/vec4/off/d v0x55f475010b70_0, 4, 5;
    %delay 10, 0;
    %vpi_call 2 24 "$finish" {0 0 0};
    %end;
    .thread T_2;
# The file index is used to find the file name in the following table.
:file_names 3;
    "N/A";
    "<interactive>";
    "adder_and_tb.v";
