#! /usr/bin/vvp
:ivl_version "10.3 (stable)";
:ivl_delay_selection "TYPICAL";
:vpi_time_precision + 0;
:vpi_module "system";
:vpi_module "vhdl_sys";
:vpi_module "v2005_math";
:vpi_module "va_math";
S_0x56268e615ef0 .scope module, "tb_top" "tb_top" 2 1;
 .timescale 0 0;
v0x56268e6267a0_0 .var "clk", 0 0;
v0x56268e626860_0 .var "d", 0 0;
v0x56268e626930_0 .net "q", 0 0, v0x56268e626560_0;  1 drivers
v0x56268e626a30_0 .var "resetn", 0 0;
S_0x56268e616070 .scope module, "d_ff0" "d_ff" 2 7, 3 1 0, S_0x56268e615ef0;
 .timescale 0 0;
    .port_info 0 /INPUT 1 "clk"
    .port_info 1 /INPUT 1 "resetn"
    .port_info 2 /OUTPUT 1 "q"
    .port_info 3 /INPUT 1 "d"
v0x56268e5e0010_0 .net "clk", 0 0, v0x56268e6267a0_0;  1 drivers
v0x56268e6264a0_0 .net "d", 0 0, v0x56268e626860_0;  1 drivers
v0x56268e626560_0 .var "q", 0 0;
v0x56268e626630_0 .net "resetn", 0 0, v0x56268e626a30_0;  1 drivers
E_0x56268e5e0980 .event posedge, v0x56268e5e0010_0;
    .scope S_0x56268e616070;
T_0 ;
    %wait E_0x56268e5e0980;
    %load/vec4 v0x56268e626630_0;
    %flag_set/vec4 8;
    %jmp/0xz  T_0.0, 8;
    %pushi/vec4 0, 0, 1;
    %assign/vec4 v0x56268e626560_0, 0;
    %jmp T_0.1;
T_0.0 ;
    %load/vec4 v0x56268e6264a0_0;
    %assign/vec4 v0x56268e626560_0, 0;
T_0.1 ;
    %jmp T_0;
    .thread T_0;
    .scope S_0x56268e615ef0;
T_1 ;
    %delay 10, 0;
    %load/vec4 v0x56268e6267a0_0;
    %inv;
    %assign/vec4 v0x56268e6267a0_0, 0;
    %jmp T_1;
    .thread T_1;
    .scope S_0x56268e615ef0;
T_2 ;
    %pushi/vec4 0, 0, 1;
    %assign/vec4 v0x56268e626a30_0, 0;
    %pushi/vec4 0, 0, 1;
    %assign/vec4 v0x56268e626860_0, 0;
    %delay 10, 0;
    %pushi/vec4 1, 0, 1;
    %assign/vec4 v0x56268e626a30_0, 0;
    %delay 5, 0;
    %pushi/vec4 1, 0, 1;
    %assign/vec4 v0x56268e626860_0, 0;
    %delay 8, 0;
    %pushi/vec4 0, 0, 1;
    %assign/vec4 v0x56268e626860_0, 0;
    %delay 2, 0;
    %pushi/vec4 1, 0, 1;
    %assign/vec4 v0x56268e626860_0, 0;
    %delay 10, 0;
    %pushi/vec4 0, 0, 1;
    %assign/vec4 v0x56268e626860_0, 0;
    %end;
    .thread T_2;
# The file index is used to find the file name in the following table.
:file_names 4;
    "N/A";
    "<interactive>";
    "tb_top.sv";
    "dff.v";
