#! /usr/bin/vvp
:ivl_version "10.3 (stable)";
:ivl_delay_selection "TYPICAL";
:vpi_time_precision + 0;
:vpi_module "system";
:vpi_module "vhdl_sys";
:vpi_module "v2005_math";
:vpi_module "va_math";
S_0x5559e00f3050 .scope module, "main" "main" 2 25;
 .timescale 0 0;
v0x5559e0107260_0 .net "carry", 0 0, v0x5559e00bb0f0_0;  1 drivers
v0x5559e0107320_0 .var "clk", 0 0;
v0x5559e01073c0_0 .var "in1", 3 0;
v0x5559e01074c0_0 .var "in2", 3 0;
v0x5559e0107590_0 .net "out", 3 0, v0x5559e0106eb0_0;  1 drivers
v0x5559e0107680_0 .var "sel", 1 0;
S_0x5559e00f31d0 .scope module, "alu" "ALU" 2 35, 2 1 0, S_0x5559e00f3050;
 .timescale 0 0;
    .port_info 0 /INPUT 1 "clk"
    .port_info 1 /INPUT 4 "in1"
    .port_info 2 /INPUT 4 "in2"
    .port_info 3 /INPUT 2 "sel"
    .port_info 4 /OUTPUT 1 "carry"
    .port_info 5 /OUTPUT 4 "out"
v0x5559e00bb0f0_0 .var "carry", 0 0;
v0x5559e0106c50_0 .net "clk", 0 0, v0x5559e0107320_0;  1 drivers
v0x5559e0106d10_0 .net "in1", 3 0, v0x5559e01073c0_0;  1 drivers
v0x5559e0106dd0_0 .net "in2", 3 0, v0x5559e01074c0_0;  1 drivers
v0x5559e0106eb0_0 .var "out", 3 0;
v0x5559e0106fe0_0 .net "sel", 1 0, v0x5559e0107680_0;  1 drivers
v0x5559e01070c0_0 .var "tmp", 7 0;
E_0x5559e00f11a0 .event posedge, v0x5559e0106c50_0;
    .scope S_0x5559e00f31d0;
T_0 ;
    %wait E_0x5559e00f11a0;
    %load/vec4 v0x5559e0106fe0_0;
    %dup/vec4;
    %pushi/vec4 0, 0, 2;
    %cmp/u;
    %jmp/1 T_0.0, 6;
    %dup/vec4;
    %pushi/vec4 1, 0, 2;
    %cmp/u;
    %jmp/1 T_0.1, 6;
    %dup/vec4;
    %pushi/vec4 2, 0, 2;
    %cmp/u;
    %jmp/1 T_0.2, 6;
    %jmp T_0.3;
T_0.0 ;
    %load/vec4 v0x5559e0106d10_0;
    %pad/u 8;
    %load/vec4 v0x5559e0106dd0_0;
    %pad/u 8;
    %add;
    %assign/vec4 v0x5559e01070c0_0, 0;
    %jmp T_0.3;
T_0.1 ;
    %load/vec4 v0x5559e0106d10_0;
    %pad/u 8;
    %load/vec4 v0x5559e0106dd0_0;
    %pad/u 8;
    %sub;
    %assign/vec4 v0x5559e01070c0_0, 0;
    %jmp T_0.3;
T_0.2 ;
    %load/vec4 v0x5559e0106d10_0;
    %pad/u 8;
    %load/vec4 v0x5559e0106dd0_0;
    %pad/u 8;
    %mul;
    %assign/vec4 v0x5559e01070c0_0, 0;
    %jmp T_0.3;
T_0.3 ;
    %pop/vec4 1;
    %load/vec4 v0x5559e01070c0_0;
    %parti/s 1, 4, 4;
    %load/vec4 v0x5559e01070c0_0;
    %parti/s 1, 5, 4;
    %or;
    %load/vec4 v0x5559e01070c0_0;
    %parti/s 1, 6, 4;
    %or;
    %load/vec4 v0x5559e01070c0_0;
    %parti/s 1, 7, 4;
    %or;
    %assign/vec4 v0x5559e00bb0f0_0, 0;
    %load/vec4 v0x5559e01070c0_0;
    %parti/s 4, 0, 2;
    %assign/vec4 v0x5559e0106eb0_0, 0;
    %jmp T_0;
    .thread T_0;
    .scope S_0x5559e00f3050;
T_1 ;
    %delay 5, 0;
    %load/vec4 v0x5559e0107320_0;
    %inv;
    %store/vec4 v0x5559e0107320_0, 0, 1;
    %jmp T_1;
    .thread T_1;
    .scope S_0x5559e00f3050;
T_2 ;
    %vpi_call 2 39 "$monitor", "clk:%0b in1:%0h in2:%0h sel:%0h carry:%0h out:%0h", v0x5559e0107320_0, v0x5559e01073c0_0, v0x5559e01074c0_0, v0x5559e0107680_0, v0x5559e0107260_0, v0x5559e0107590_0 {0 0 0};
    %pushi/vec4 0, 0, 1;
    %assign/vec4 v0x5559e0107320_0, 0;
    %pushi/vec4 0, 0, 4;
    %assign/vec4 v0x5559e01073c0_0, 0;
    %pushi/vec4 0, 0, 4;
    %assign/vec4 v0x5559e01074c0_0, 0;
    %pushi/vec4 2, 0, 2;
    %assign/vec4 v0x5559e0107680_0, 0;
    %delay 10, 0;
    %pushi/vec4 2, 0, 4;
    %assign/vec4 v0x5559e01073c0_0, 0;
    %pushi/vec4 2, 0, 4;
    %assign/vec4 v0x5559e01074c0_0, 0;
    %delay 10, 0;
    %pushi/vec4 6, 0, 4;
    %assign/vec4 v0x5559e01073c0_0, 0;
    %pushi/vec4 10, 0, 4;
    %assign/vec4 v0x5559e01074c0_0, 0;
    %delay 30, 0;
    %vpi_call 2 50 "$finish" {0 0 0};
    %end;
    .thread T_2;
# The file index is used to find the file name in the following table.
:file_names 3;
    "N/A";
    "<interactive>";
    "alu.v";
